#
# A fatal error has been detected by the Java Runtime Environment:
#
#  EXCEPTION_ACCESS_VIOLATION (0xc0000005) at pc=0x00007ffa37cdbb29, pid=7200, tid=8680
#
# JRE version: OpenJDK Runtime Environment (21.0.9) (build 21.0.9+-14649483-b1163.86)
# Java VM: OpenJDK 64-Bit Server VM (21.0.9+-14649483-b1163.86, mixed mode, tiered, compressed oops, compressed class ptrs, g1 gc, windows-amd64)
# Problematic frame:
# V  [jvm.dll+0x35bb29]
#
# No core dump will be written. Minidumps are not enabled by default on client versions of Windows
#
# If you would like to submit a bug report, please visit:
#   https://youtrack.jetbrains.com/issues/JBR
#

---------------  S U M M A R Y ------------

Command Line: --add-opens=java.base/java.lang=ALL-UNNAMED --add-opens=java.base/java.lang.invoke=ALL-UNNAMED --add-opens=java.base/java.util=ALL-UNNAMED --add-opens=java.prefs/java.util.prefs=ALL-UNNAMED --add-exports=jdk.compiler/com.sun.tools.javac.api=ALL-UNNAMED --add-exports=jdk.compiler/com.sun.tools.javac.util=ALL-UNNAMED --add-opens=java.base/java.util=ALL-UNNAMED --add-opens=java.prefs/java.util.prefs=ALL-UNNAMED --add-opens=java.base/java.nio.charset=ALL-UNNAMED --add-opens=java.base/java.net=ALL-UNNAMED --add-opens=java.base/java.util.concurrent.atomic=ALL-UNNAMED --add-opens=java.xml/javax.xml.namespace=ALL-UNNAMED -Xmx2048m -Dfile.encoding=UTF-8 -Duser.country=FR -Duser.language=fr -Duser.variant -javaagent:C:\Users\tarik\.gradle\wrapper\dists\gradle-8.11.1-bin\bpt9gzteqjrbo1mjrsomdt32c\gradle-8.11.1\lib\agents\gradle-instrumentation-agent-8.11.1.jar org.gradle.launcher.daemon.bootstrap.GradleDaemon 8.11.1

Host: 12th Gen Intel(R) Core(TM) i5-1235U, 12 cores, 23G,  Windows 11 , 64 bit Build 26100 (10.0.26100.8115)
Time: Sat Apr  4 15:38:36 2026 elapsed time: 47.500296 seconds (0d 0h 0m 47s)

---------------  T H R E A D  ---------------

Current thread (0x00000188fdc61ea0):  WorkerThread "GC Thread#8"    [id=8680, stack(0x0000005de2200000,0x0000005de2300000) (1024K)]

Stack: [0x0000005de2200000,0x0000005de2300000],  sp=0x0000005de22ff600,  free space=1021k
Native frames: (J=compiled Java code, j=interpreted, Vv=VM code, C=native code)
V  [jvm.dll+0x35bb29]
V  [jvm.dll+0x35820e]
V  [jvm.dll+0x369432]
V  [jvm.dll+0x369b95]
V  [jvm.dll+0x369875]
V  [jvm.dll+0x371354]
V  [jvm.dll+0x3714cb]
V  [jvm.dll+0x894ad4]
V  [jvm.dll+0x80f118]
V  [jvm.dll+0x6d54ed]
C  [ucrtbase.dll+0x37b0]
C  [KERNEL32.DLL+0x2e8d7]
C  [ntdll.dll+0x8c3fc]


siginfo: EXCEPTION_ACCESS_VIOLATION (0xc0000005), reading address 0x0000000000004000


Registers:
RAX=0x0000000000000000, RBX=0x0000018893e833e0, RCX=0x0000000000000014, RDX=0x0000000000000000
RSP=0x0000005de22ff600, RBP=0x000000000000131e, RSI=0x00000188f49167a0, RDI=0x00000000808b2e50
R8 =0x0000000000000806, R9 =0x00000188f4953d00, R10=0x0000000000004000, R11=0x0000000000000001
R12=0x0000018893f30540, R13=0x0000005de10fef08, R14=0x0000000000000040, R15=0x0000000000000000
RIP=0x00007ffa37cdbb29, EFLAGS=0x0000000000010246

XMM[0]=0x0000000020009752 0x0000000000000011
XMM[1]=0x8336d7c08336d7c0 0x841f6b4000000001
XMM[2]=0x0000000000000000 0x0000000000000000
XMM[3]=0x0000000000000000 0x0000000000000000
XMM[4]=0x0000000000000000 0x0000000000000000
XMM[5]=0x0000000000000000 0x8336d7c08336d7c0
XMM[6]=0x0000000000000000 0x0000000000000000
XMM[7]=0x0000000000000000 0x0000000000000000
XMM[8]=0x0000000000000000 0x0000000000000000
XMM[9]=0x0000000000000000 0x0000000000000000
XMM[10]=0x0000000000000000 0x0000000000000000
XMM[11]=0x0000000000000000 0x0000000000000000
XMM[12]=0x0000000000000000 0x0000000000000000
XMM[13]=0x0000000000000000 0x0000000000000000
XMM[14]=0x0000000000000000 0x0000000000000000
XMM[15]=0x0000000000000000 0x0000000000000000
  MXCSR=0x00001fa0


Register to memory mapping:

RAX=0x0 is null
RBX=0x0000018893e833e0 points into unknown readable memory: 0x00007ffa382f89c0 | c0 89 2f 38 fa 7f 00 00
RCX=0x0000000000000014 is an unknown value
RDX=0x0 is null
RSP=0x0000005de22ff600 points into unknown readable memory: 0x0000018893e80000 | 00 00 e8 93 88 01 00 00
RBP=0x000000000000131e is an unknown value
RSI=0x00000188f49167a0 points into unknown readable memory: 0x0000000000000000 | 00 00 00 00 00 00 00 00
RDI=0x00000000808b2e50 is pointing into object: java.lang.Class 
{0x00000000808b2df8} - klass: 'java/lang/Class'
 - ---- fields (total size 15 words):
 - private volatile transient 'classRedefinedCount' 'I' @12  0 (0x00000000)
 - injected 'klass' 'J' @16  4297518304 (0x000000010026ece0)
 - injected 'array_klass' 'J' @24  0 (0x0000000000000000)
 - injected 'oop_size' 'I' @32  15 (0x0000000f)
 - injected 'static_oop_field_count' 'I' @36  0 (0x00000000)
 - private volatile transient 'cachedConstructor' 'Ljava/lang/reflect/Constructor;' @40  null (0x00000000)
 - private transient 'name' 'Ljava/lang/String;' @44  "sun.security.provider.certpath.ldap.JdkLDAP"{0x0000000080640ee8} (0x80640ee8)
 - private transient 'module' 'Ljava/lang/Module;' @48  a 'java/lang/Module'{0x00000000806a32e8} (0x806a32e8)
 - private final 'classLoader' 'Ljava/lang/ClassLoader;' @52  null (0x00000000)
 - private transient 'classData' 'Ljava/lang/Object;' @56  null (0x00000000)
 - private transient 'packageName' 'Ljava/lang/String;' @60  "sun.security.provider.certpath.ldap"{0x0000000080641170} (0x80641170)
 - private final 'componentType' 'Ljava/lang/Class;' @64  null (0x00000000)
 - private volatile transient 'reflectionData' 'Ljava/lang/ref/SoftReference;' @68  a 'java/lang/ref/SoftReference'{0x00000000808b2e70} (0x808b2e70)
 - private volatile transient 'genericInfo' 'Lsun/reflect/generics/repository/ClassRepository;' @72  null (0x00000000)
 - private volatile transient 'enumConstants' '[Ljava/lang/Object;' @76  null (0x00000000)
 - private volatile transient 'enumConstantDirectory' 'Ljava/util/Map;' @80  null (0x00000000)
 - private volatile transient 'annotationData' 'Ljava/lang/Class$AnnotationData;' @84  null (0x00000000)
 - private volatile transient 'annotationType' 'Lsun/reflect/annotation/AnnotationType;' @88  
[error occurred during error reporting (printing register info), id 0xc0000005, EXCEPTION_ACCESS_VIOLATION (0xc0000005) at pc=0x00007ffa380411c2]
R8 =0x0000000000000806 is an unknown value
R9 =0x00000188f4953d00 points into unknown readable memory: 0x0000000000000000 | 00 00 00 00 00 00 00 00
R10=0x0000000000004000 is an unknown value
R11=0x0000000000000001 is an unknown value
R12=0x0000018893f30540 points into unknown readable memory: 0x00007ffa382fa5e0 | e0 a5 2f 38 fa 7f 00 00
R13=0x0000005de10fef08 points into unknown readable memory: 0x00000188f255cdf0 | f0 cd 55 f2 88 01 00 00
R14=0x0000000000000040 is an unknown value
R15=0x0 is null

Top of Stack: (sp=0x0000005de22ff600)
0x0000005de22ff600:   0000018893e80000 00000188f4910100
0x0000005de22ff610:   0000018800000000 0000000000000011
0x0000005de22ff620:   0000000000000018 00000188fd419e80
0x0000005de22ff630:   00000188fd419f78 ffffffff00000000
0x0000005de22ff640:   0000000000000000 00007ffa37cd820e
0x0000005de22ff650:   0000000000000000 0000018893e833e0
0x0000005de22ff660:   00000188fd419e80 0000005de10fef08
0x0000005de22ff670:   000000001c48006a 0000000000000000
0x0000005de22ff680:   ffffffff00000000 0000000000000000
0x0000005de22ff690:   0000018893f30548 00007ffa37ce9432
0x0000005de22ff6a0:   00000188fdc60000 00007ffa38190100
0x0000005de22ff6b0:   0000000000000000 0000000000000021
0x0000005de22ff6c0:   0000000000000000 00007ffa37ce9b95
0x0000005de22ff6d0:   0000018893f30548 00007ffa37ccd2fe
0x0000005de22ff6e0:   0000018894fa8e50 0000000000000007
0x0000005de22ff6f0:   00007ffa382f5e00 00007ffa37ccb192
0x0000005de22ff700:   0000000000000003 00000188fdd7ece0
0x0000005de22ff710:   0000005de10feec0 0000000000000000
0x0000005de22ff720:   00007ffa382f5d40 000000001c47ffc6
0x0000005de22ff730:   0000000000000000 00007ffa00000007
0x0000005de22ff740:   00000188fdd7ece0 0000000000000003
0x0000005de22ff750:   0000000000000000 0000000000000000
0x0000005de22ff760:   0000000000000000 0000000000000000
0x0000005de22ff770:   00007ffa382f5d40 000000001c47fc00
0x0000005de22ff780:   0000000000000000 0000000000000001
0x0000005de22ff790:   0000000000000000 000087949673cf08
0x0000005de22ff7a0:   0000000000000000 00000188fd707af0
0x0000005de22ff7b0:   00000188fd707b00 00000000000003d8
0x0000005de22ff7c0:   00000188fd707ed8 0000005de10feec0
0x0000005de22ff7d0:   0000000000000003 00000188fdd7ece0
0x0000005de22ff7e0:   0000018893f30540 00007ffa37ce9875
0x0000005de22ff7f0:   0000018893f30540 00000188fdd7ece0 

Instructions: (pc=0x00007ffa37cdbb29)
0x00007ffa37cdba29:   fd ff ff 48 8d 57 fe 48 8b cb e8 a8 f3 ff ff e9
0x00007ffa37cdba39:   d3 fd ff ff 0f 1f 00 48 8b 73 10 8b ae 80 00 00
0x00007ffa37cdba49:   00 8b cd 8b 86 00 01 00 00 2b c8 81 e1 ff ff 01
0x00007ffa37cdba59:   00 41 3b ce 0f 86 4b 02 00 00 ff cd 81 e5 ff ff
0x00007ffa37cdba69:   01 00 89 ae 80 00 00 00 e8 0a ad 36 00 90 8b d5
0x00007ffa37cdba79:   48 8b 86 80 01 00 00 8b cd 48 8b 3c e8 8b 86 00
0x00007ffa37cdba89:   01 00 00 2b c8 81 e1 ff ff 01 00 81 f9 ff ff 01
0x00007ffa37cdba99:   00 41 0f 44 cf 85 c9 75 3d 90 89 6c 24 50 48 8b
0x00007ffa37cdbaa9:   86 00 01 00 00 48 8b c8 48 c1 e9 20 ff c1 89 4c
0x00007ffa37cdbab9:   24 54 3b e8 0f 85 d9 01 00 00 48 c1 e1 20 48 0b
0x00007ffa37cdbac9:   ca f0 48 0f b1 8e 00 01 00 00 0f 85 c3 01 00 00
0x00007ffa37cdbad9:   8b 86 00 01 00 00 40 f6 c7 01 0f 84 a7 00 00 00
0x00007ffa37cdbae9:   8b 0d 99 04 7e 00 48 ff cf 48 8b 43 08 44 8b 17
0x00007ffa37cdbaf9:   49 d3 e2 8b 88 b0 05 00 00 48 8b 80 a0 05 00 00
0x00007ffa37cdbb09:   4c 03 15 70 04 7e 00 49 8b d2 48 d3 ea 0f b7 14
0x00007ffa37cdbb19:   50 0f b7 c2 66 c1 e8 08 84 c0 0f 88 17 ff ff ff
0x00007ffa37cdbb29:   4d 8b 02 41 0f b6 c0 24 03 3c 03 75 06 49 83 e0
0x00007ffa37cdbb39:   fc eb 11 4d 8b c8 48 8b cb 4d 8b c2 e8 46 ed ff
0x00007ffa37cdbb49:   ff 4c 8b c0 8b 0d 35 04 7e 00 49 8b d0 48 2b 15
0x00007ffa37cdbb59:   23 04 7e 00 48 d3 ea 89 17 49 8b d0 8b 0d 15 48
0x00007ffa37cdbb69:   84 00 48 33 d7 48 d3 ea 48 85 d2 0f 84 c6 fe ff
0x00007ffa37cdbb79:   ff 48 8b 43 08 8b 88 b0 05 00 00 4c 8b 88 a0 05
0x00007ffa37cdbb89:   00 00 e9 87 00 00 00 40 f6 c7 03 0f 85 f1 00 00
0x00007ffa37cdbb99:   00 48 8b 43 08 4c 8b 17 49 8b d2 8b 88 b0 05 00
0x00007ffa37cdbba9:   00 48 8b 80 a0 05 00 00 48 d3 ea 0f b7 14 50 0f
0x00007ffa37cdbbb9:   b7 c2 66 c1 e8 08 84 c0 0f 88 79 fe ff ff 4d 8b
0x00007ffa37cdbbc9:   02 41 0f b6 c0 24 03 3c 03 75 06 49 83 e0 fc eb
0x00007ffa37cdbbd9:   11 4d 8b c8 48 8b cb 4d 8b c2 e8 a8 ec ff ff 4c
0x00007ffa37cdbbe9:   8b c0 49 8b d0 4c 89 07 8b 0d 89 47 84 00 48 33
0x00007ffa37cdbbf9:   d7 48 d3 ea 48 85 d2 0f 84 3a fe ff ff 48 8b 53
0x00007ffa37cdbc09:   08 8b 8a b0 05 00 00 4c 8b 8a a0 05 00 00 48 8b
0x00007ffa37cdbc19:   c7 48 d3 e8 41 0f b7 14 41 66 c1 ea 08 80 fa fe 


Stack slot to memory mapping:

stack at sp + 0 slots: 0x0000018893e80000 points into unknown readable memory: 0x00000188fec90910 | 10 09 c9 fe 88 01 00 00
stack at sp + 1 slots: 0x00000188f4910100 points into unknown readable memory: 0x6d6f63202c4b3530 | 30 35 4b 2c 20 63 6f 6d
stack at sp + 2 slots: 0x0000018800000000 is an unknown value
stack at sp + 3 slots: 0x0000000000000011 is an unknown value
stack at sp + 4 slots: 0x0000000000000018 is an unknown value
stack at sp + 5 slots: 0x00000188fd419e80 points into unknown readable memory: 0x0000000080605a68 | 68 5a 60 80 00 00 00 00
stack at sp + 6 slots: 0x00000188fd419f78 points into unknown readable memory: 0x00000000806060f8 | f8 60 60 80 00 00 00 00
stack at sp + 7 slots: 0xffffffff00000000 is an unknown value


---------------  P R O C E S S  ---------------

Threads class SMR info:
_java_thread_list=0x000001889540e330, length=27, elements={
0x00000188f48fc2c0, 0x00000188fd5dd1d0, 0x00000188fd5fd130, 0x00000188fd5fe700,
0x00000188fd60b850, 0x00000188fd5e6c30, 0x00000188fd5e7fc0, 0x00000188fd5e8a20,
0x00000188fd5e97b0, 0x00000188fd5ec4a0, 0x00000188fd9ee030, 0x00000188fe052db0,
0x00000188fe49c4a0, 0x0000018893401e50, 0x000001889314b660, 0x00000188fef84040,
0x00000188fdbdfbc0, 0x00000188fdbe04a0, 0x00000188fe70b5f0, 0x00000188fe70bc80,
0x00000188fe70ea70, 0x00000188fe70d6c0, 0x00000188fe70dd50, 0x00000188fe70e3e0,
0x00000188fe70c9a0, 0x0000018893aa7530, 0x0000018893aa6180
}

Java Threads: ( => current thread )
  0x00000188f48fc2c0 JavaThread "main"                              [_thread_blocked, id=6916, stack(0x0000005de0900000,0x0000005de0a00000) (1024K)]
  0x00000188fd5dd1d0 JavaThread "Common-Cleaner"             daemon [_thread_blocked, id=7652, stack(0x0000005de1100000,0x0000005de1200000) (1024K)]
  0x00000188fd5fd130 JavaThread "Reference Handler"          daemon [_thread_blocked, id=10812, stack(0x0000005de1200000,0x0000005de1300000) (1024K)]
  0x00000188fd5fe700 JavaThread "Finalizer"                  daemon [_thread_blocked, id=1576, stack(0x0000005de1300000,0x0000005de1400000) (1024K)]
  0x00000188fd60b850 JavaThread "Signal Dispatcher"          daemon [_thread_blocked, id=5672, stack(0x0000005de1400000,0x0000005de1500000) (1024K)]
  0x00000188fd5e6c30 JavaThread "Attach Listener"            daemon [_thread_blocked, id=1592, stack(0x0000005de1500000,0x0000005de1600000) (1024K)]
  0x00000188fd5e7fc0 JavaThread "Service Thread"             daemon [_thread_blocked, id=7372, stack(0x0000005de1600000,0x0000005de1700000) (1024K)]
  0x00000188fd5e8a20 JavaThread "Monitor Deflation Thread"   daemon [_thread_blocked, id=13060, stack(0x0000005de1700000,0x0000005de1800000) (1024K)]
  0x00000188fd5e97b0 JavaThread "C2 CompilerThread0"         daemon [_thread_blocked, id=1596, stack(0x0000005de1800000,0x0000005de1900000) (1024K)]
  0x00000188fd5ec4a0 JavaThread "C1 CompilerThread0"         daemon [_thread_blocked, id=2140, stack(0x0000005de1900000,0x0000005de1a00000) (1024K)]
  0x00000188fd9ee030 JavaThread "Notification Thread"        daemon [_thread_blocked, id=13276, stack(0x0000005de1a00000,0x0000005de1b00000) (1024K)]
  0x00000188fe052db0 JavaThread "Daemon health stats"               [_thread_blocked, id=11756, stack(0x0000005de2300000,0x0000005de2400000) (1024K)]
  0x00000188fe49c4a0 JavaThread "Incoming local TCP Connector on port 56792"        [_thread_in_native, id=8500, stack(0x0000005de2400000,0x0000005de2500000) (1024K)]
  0x0000018893401e50 JavaThread "Daemon periodic checks"            [_thread_blocked, id=10436, stack(0x0000005de2500000,0x0000005de2600000) (1024K)]
  0x000001889314b660 JavaThread "Daemon"                            [_thread_blocked, id=8412, stack(0x0000005de2600000,0x0000005de2700000) (1024K)]
  0x00000188fef84040 JavaThread "Handler for socket connection from /127.0.0.1:56792 to /127.0.0.1:56793"        [_thread_in_native, id=8208, stack(0x0000005de2700000,0x0000005de2800000) (1024K)]
  0x00000188fdbdfbc0 JavaThread "Cancel handler"                    [_thread_blocked, id=4760, stack(0x0000005de2800000,0x0000005de2900000) (1024K)]
  0x00000188fdbe04a0 JavaThread "Daemon worker"                     [_thread_blocked, id=7596, stack(0x0000005de2900000,0x0000005de2a00000) (1024K)]
  0x00000188fe70b5f0 JavaThread "Asynchronous log dispatcher for DefaultDaemonConnection: socket connection from /127.0.0.1:56792 to /127.0.0.1:56793"        [_thread_blocked, id=9352, stack(0x0000005de2a00000,0x0000005de2b00000) (1024K)]
  0x00000188fe70bc80 JavaThread "Stdin handler"                     [_thread_blocked, id=7300, stack(0x0000005de2b00000,0x0000005de2c00000) (1024K)]
  0x00000188fe70ea70 JavaThread "Daemon client event forwarder"        [_thread_blocked, id=7992, stack(0x0000005de2c00000,0x0000005de2d00000) (1024K)]
  0x00000188fe70d6c0 JavaThread "Cache worker for journal cache (C:\Users\tarik\.gradle\caches\journal-1)"        [_thread_blocked, id=10768, stack(0x0000005de3100000,0x0000005de3200000) (1024K)]
  0x00000188fe70dd50 JavaThread "File lock request listener"        [_thread_in_native, id=9328, stack(0x0000005de3200000,0x0000005de3300000) (1024K)]
  0x00000188fe70e3e0 JavaThread "Cache worker for file hash cache (C:\Users\tarik\.gradle\caches\8.11.1\fileHashes)"        [_thread_blocked, id=9992, stack(0x0000005de3300000,0x0000005de3400000) (1024K)]
  0x00000188fe70c9a0 JavaThread "Cache worker for file content cache (C:\Users\tarik\.gradle\caches\8.11.1\fileContent)"        [_thread_blocked, id=16964, stack(0x0000005de3400000,0x0000005de3500000) (1024K)]
  0x0000018893aa7530 JavaThread "Cache worker for file hash cache (C:\Users\tarik\AndroidStudioProjects\GivenX\client_mobile\.gradle\8.11.1\fileHashes)"        [_thread_blocked, id=16524, stack(0x0000005de3500000,0x0000005de3600000) (1024K)]
  0x0000018893aa6180 JavaThread "Cache worker for Build Output Cleanup Cache (C:\Users\tarik\AndroidStudioProjects\GivenX\client_mobile\.gradle\buildOutputCleanup)"        [_thread_blocked, id=10140, stack(0x0000005de3600000,0x0000005de3700000) (1024K)]
Total: 27

Other Threads:
  0x00000188fd46e390 VMThread "VM Thread"                           [id=6236, stack(0x0000005de1000000,0x0000005de1100000) (1024K)]
  0x00000188fd54ca00 WatcherThread "VM Periodic Task Thread"        [id=1484, stack(0x0000005de0f00000,0x0000005de1000000) (1024K)]
  0x00000188f4955d40 WorkerThread "GC Thread#0"                     [id=1472, stack(0x0000005de0a00000,0x0000005de0b00000) (1024K)]
  0x00000188fdd80550 WorkerThread "GC Thread#1"                     [id=15148, stack(0x0000005de1b00000,0x0000005de1c00000) (1024K)]
  0x00000188fdd808f0 WorkerThread "GC Thread#2"                     [id=3440, stack(0x0000005de1c00000,0x0000005de1d00000) (1024K)]
  0x00000188fdd80c90 WorkerThread "GC Thread#3"                     [id=3428, stack(0x0000005de1d00000,0x0000005de1e00000) (1024K)]
  0x00000188fdd81030 WorkerThread "GC Thread#4"                     [id=10856, stack(0x0000005de1e00000,0x0000005de1f00000) (1024K)]
  0x00000188fdd813d0 WorkerThread "GC Thread#5"                     [id=3416, stack(0x0000005de1f00000,0x0000005de2000000) (1024K)]
  0x00000188fdc61350 WorkerThread "GC Thread#6"                     [id=3256, stack(0x0000005de2000000,0x0000005de2100000) (1024K)]
  0x00000188fdc61b00 WorkerThread "GC Thread#7"                     [id=3432, stack(0x0000005de2100000,0x0000005de2200000) (1024K)]
=>0x00000188fdc61ea0 WorkerThread "GC Thread#8"                     [id=8680, stack(0x0000005de2200000,0x0000005de2300000) (1024K)]
  0x00000188fe21c060 WorkerThread "GC Thread#9"                     [id=8220, stack(0x0000005de2d00000,0x0000005de2e00000) (1024K)]
  0x00000188f4966c30 ConcurrentGCThread "G1 Main Marker"            [id=1384, stack(0x0000005de0b00000,0x0000005de0c00000) (1024K)]
  0x00000188f4967640 WorkerThread "G1 Conc#0"                       [id=10492, stack(0x0000005de0c00000,0x0000005de0d00000) (1024K)]
  0x00000188fe21c400 WorkerThread "G1 Conc#1"                       [id=7076, stack(0x0000005de2e00000,0x0000005de2f00000) (1024K)]
  0x00000188fe21c7a0 WorkerThread "G1 Conc#2"                       [id=13024, stack(0x0000005de2f00000,0x0000005de3000000) (1024K)]
  0x00000188fd3c5b90 ConcurrentGCThread "G1 Refine#0"               [id=15144, stack(0x0000005de0d00000,0x0000005de0e00000) (1024K)]
  0x00000188fd3c63b0 ConcurrentGCThread "G1 Service"                [id=10488, stack(0x0000005de0e00000,0x0000005de0f00000) (1024K)]
Total: 18

Threads with active compile tasks:
Total: 0

VM state: at safepoint (normal execution)

VM Mutex/Monitor currently owned by a thread:  ([mutex/lock_event])
[0x00007ffa38538690] Threads_lock - owner thread: 0x00000188fd46e390
[0x00007ffa38538790] Heap_lock - owner thread: 0x00000188fdbe04a0

Heap address: 0x0000000080000000, size: 2048 MB, Compressed Oops mode: 32-bit

CDS archive(s) not mapped
Compressed class space mapped at: 0x0000000100000000-0x0000000140000000, reserved size: 1073741824
Narrow klass base: 0x0000000000000000, Narrow klass shift: 3, Narrow klass range: 0x140000000

GC Precious Log:
 CardTable entry size: 512
 Card Set container configuration: InlinePtr #cards 5 size 8 Array Of Cards #cards 12 size 40 Howl #buckets 4 coarsen threshold 1843 Howl Bitmap #cards 512 size 80 coarsen threshold 460 Card regions per heap region 1 cards per card region 2048
 CPUs: 12 total, 12 available
 Memory: 24208M
 Large Page Support: Disabled
 NUMA Support: Disabled
 Compressed Oops: Enabled (32-bit)
 Heap Region Size: 1M
 Heap Min Capacity: 8M
 Heap Initial Capacity: 380M
 Heap Max Capacity: 2G
 Pre-touch: Disabled
 Parallel Workers: 10
 Concurrent Workers: 3
 Concurrent Refinement Workers: 10
 Periodic GC: Disabled

Heap:
 garbage-first heap   total 86016K, used 56761K [0x0000000080000000, 0x0000000100000000)
  region size 1024K, 39 young (39936K), 6 survivors (6144K)
 Metaspace       used 33605K, committed 34368K, reserved 1114112K
  class space    used 4581K, committed 4928K, reserved 1048576K

Heap Regions: E=young(eden), S=young(survivor), O=old, HS=humongous(starts), HC=humongous(continues), CS=collection set, F=free, TAMS=top-at-mark-start, PB=parsable bottom
|   0|0x0000000080000000, 0x0000000080100000, 0x0000000080100000|100%|HS|  |TAMS 0x0000000080000000| PB 0x0000000080000000| Complete 
|   1|0x0000000080100000, 0x0000000080200000, 0x0000000080200000|100%|HC|  |TAMS 0x0000000080100000| PB 0x0000000080100000| Complete 
|   2|0x0000000080200000, 0x0000000080300000, 0x0000000080300000|100%|HC|  |TAMS 0x0000000080200000| PB 0x0000000080200000| Complete 
|   3|0x0000000080300000, 0x0000000080400000, 0x0000000080400000|100%| O|  |TAMS 0x0000000080300000| PB 0x0000000080300000| Untracked 
|   4|0x0000000080400000, 0x000000008049c828, 0x0000000080500000| 61%| O|CS|TAMS 0x0000000080400000| PB 0x0000000080400000| Complete 
|   5|0x0000000080500000, 0x0000000080600000, 0x0000000080600000|100%|HS|  |TAMS 0x0000000080500000| PB 0x0000000080500000| Complete 
|   6|0x0000000080600000, 0x0000000080700000, 0x0000000080700000|100%| O|  |TAMS 0x0000000080600000| PB 0x0000000080600000| Untracked 
|   7|0x0000000080700000, 0x0000000080800000, 0x0000000080800000|100%| O|  |TAMS 0x0000000080700000| PB 0x0000000080700000| Untracked 
|   8|0x0000000080800000, 0x0000000080900000, 0x0000000080900000|100%| O|  |TAMS 0x0000000080800000| PB 0x0000000080800000| Untracked 
|   9|0x0000000080900000, 0x0000000080a00000, 0x0000000080a00000|100%| O|  |TAMS 0x0000000080900000| PB 0x0000000080900000| Untracked 
|  10|0x0000000080a00000, 0x0000000080b00000, 0x0000000080b00000|100%| O|  |TAMS 0x0000000080a00000| PB 0x0000000080a00000| Untracked 
|  11|0x0000000080b00000, 0x0000000080c00000, 0x0000000080c00000|100%| O|  |TAMS 0x0000000080b00000| PB 0x0000000080b00000| Untracked 
|  12|0x0000000080c00000, 0x0000000080d00000, 0x0000000080d00000|100%| O|  |TAMS 0x0000000080c00000| PB 0x0000000080c00000| Untracked 
|  13|0x0000000080d00000, 0x0000000080e00000, 0x0000000080e00000|100%| O|  |TAMS 0x0000000080d00000| PB 0x0000000080d00000| Untracked 
|  14|0x0000000080e00000, 0x0000000080f00000, 0x0000000080f00000|100%| O|  |TAMS 0x0000000080e00000| PB 0x0000000080e00000| Untracked 
|  15|0x0000000080f00000, 0x0000000081000000, 0x0000000081000000|100%| O|  |TAMS 0x0000000080f00000| PB 0x0000000080f00000| Untracked 
|  16|0x0000000081000000, 0x0000000081100000, 0x0000000081100000|100%| O|  |TAMS 0x0000000081000000| PB 0x0000000081000000| Untracked 
|  17|0x0000000081100000, 0x0000000081200000, 0x0000000081200000|100%| O|  |TAMS 0x0000000081100000| PB 0x0000000081100000| Untracked 
|  18|0x0000000081200000, 0x0000000081300000, 0x0000000081300000|100%| O|  |TAMS 0x0000000081200000| PB 0x0000000081200000| Untracked 
|  19|0x0000000081300000, 0x00000000813c1800, 0x0000000081400000| 75%| O|  |TAMS 0x0000000081300000| PB 0x0000000081300000| Untracked 
|  20|0x0000000081400000, 0x0000000081400000, 0x0000000081500000|  0%| F|  |TAMS 0x0000000081400000| PB 0x0000000081400000| Untracked 
|  21|0x0000000081500000, 0x0000000081500000, 0x0000000081600000|  0%| F|  |TAMS 0x0000000081500000| PB 0x0000000081500000| Untracked 
|  22|0x0000000081600000, 0x0000000081600000, 0x0000000081700000|  0%| F|  |TAMS 0x0000000081600000| PB 0x0000000081600000| Untracked 
|  23|0x0000000081700000, 0x0000000081700000, 0x0000000081800000|  0%| F|  |TAMS 0x0000000081700000| PB 0x0000000081700000| Untracked 
|  24|0x0000000081800000, 0x0000000081800000, 0x0000000081900000|  0%| F|  |TAMS 0x0000000081800000| PB 0x0000000081800000| Untracked 
|  25|0x0000000081900000, 0x0000000081900000, 0x0000000081a00000|  0%| F|  |TAMS 0x0000000081900000| PB 0x0000000081900000| Untracked 
|  26|0x0000000081a00000, 0x0000000081a00000, 0x0000000081b00000|  0%| F|  |TAMS 0x0000000081a00000| PB 0x0000000081a00000| Untracked 
|  27|0x0000000081b00000, 0x0000000081b00000, 0x0000000081c00000|  0%| F|  |TAMS 0x0000000081b00000| PB 0x0000000081b00000| Untracked 
|  28|0x0000000081c00000, 0x0000000081ca5990, 0x0000000081d00000| 64%| S|  |TAMS 0x0000000081c00000| PB 0x0000000081c00000| Complete 
|  29|0x0000000081d00000, 0x0000000081e00000, 0x0000000081e00000|100%| S|  |TAMS 0x0000000081d00000| PB 0x0000000081d00000| Complete 
|  30|0x0000000081e00000, 0x0000000081f00000, 0x0000000081f00000|100%| S|  |TAMS 0x0000000081e00000| PB 0x0000000081e00000| Complete 
|  31|0x0000000081f00000, 0x0000000082000000, 0x0000000082000000|100%| S|  |TAMS 0x0000000081f00000| PB 0x0000000081f00000| Complete 
|  32|0x0000000082000000, 0x0000000082100000, 0x0000000082100000|100%| S|  |TAMS 0x0000000082000000| PB 0x0000000082000000| Complete 
|  33|0x0000000082100000, 0x0000000082200000, 0x0000000082200000|100%| S|  |TAMS 0x0000000082100000| PB 0x0000000082100000| Complete 
|  34|0x0000000082200000, 0x0000000082300000, 0x0000000082300000|100%| E|CS|TAMS 0x0000000082200000| PB 0x0000000082200000| Complete 
|  35|0x0000000082300000, 0x0000000082400000, 0x0000000082400000|100%| E|CS|TAMS 0x0000000082300000| PB 0x0000000082300000| Complete 
|  36|0x0000000082400000, 0x0000000082500000, 0x0000000082500000|100%| E|CS|TAMS 0x0000000082400000| PB 0x0000000082400000| Complete 
|  37|0x0000000082500000, 0x0000000082600000, 0x0000000082600000|100%| E|CS|TAMS 0x0000000082500000| PB 0x0000000082500000| Complete 
|  38|0x0000000082600000, 0x0000000082700000, 0x0000000082700000|100%| E|CS|TAMS 0x0000000082600000| PB 0x0000000082600000| Complete 
|  39|0x0000000082700000, 0x0000000082800000, 0x0000000082800000|100%| E|CS|TAMS 0x0000000082700000| PB 0x0000000082700000| Complete 
|  40|0x0000000082800000, 0x0000000082900000, 0x0000000082900000|100%| E|CS|TAMS 0x0000000082800000| PB 0x0000000082800000| Complete 
|  41|0x0000000082900000, 0x0000000082a00000, 0x0000000082a00000|100%| E|CS|TAMS 0x0000000082900000| PB 0x0000000082900000| Complete 
|  42|0x0000000082a00000, 0x0000000082b00000, 0x0000000082b00000|100%| E|CS|TAMS 0x0000000082a00000| PB 0x0000000082a00000| Complete 
|  43|0x0000000082b00000, 0x0000000082c00000, 0x0000000082c00000|100%| E|CS|TAMS 0x0000000082b00000| PB 0x0000000082b00000| Complete 
|  44|0x0000000082c00000, 0x0000000082d00000, 0x0000000082d00000|100%| E|CS|TAMS 0x0000000082c00000| PB 0x0000000082c00000| Complete 
|  45|0x0000000082d00000, 0x0000000082e00000, 0x0000000082e00000|100%| E|CS|TAMS 0x0000000082d00000| PB 0x0000000082d00000| Complete 
|  46|0x0000000082e00000, 0x0000000082f00000, 0x0000000082f00000|100%| E|CS|TAMS 0x0000000082e00000| PB 0x0000000082e00000| Complete 
|  47|0x0000000082f00000, 0x0000000083000000, 0x0000000083000000|100%| E|CS|TAMS 0x0000000082f00000| PB 0x0000000082f00000| Complete 
|  48|0x0000000083000000, 0x0000000083100000, 0x0000000083100000|100%| E|CS|TAMS 0x0000000083000000| PB 0x0000000083000000| Complete 
|  49|0x0000000083100000, 0x0000000083200000, 0x0000000083200000|100%| E|CS|TAMS 0x0000000083100000| PB 0x0000000083100000| Complete 
|  50|0x0000000083200000, 0x0000000083300000, 0x0000000083300000|100%| E|CS|TAMS 0x0000000083200000| PB 0x0000000083200000| Complete 
|  51|0x0000000083300000, 0x0000000083400000, 0x0000000083400000|100%| E|CS|TAMS 0x0000000083300000| PB 0x0000000083300000| Complete 
|  52|0x0000000083400000, 0x0000000083500000, 0x0000000083500000|100%| E|CS|TAMS 0x0000000083400000| PB 0x0000000083400000| Complete 
|  53|0x0000000083500000, 0x0000000083600000, 0x0000000083600000|100%| E|CS|TAMS 0x0000000083500000| PB 0x0000000083500000| Complete 
|  54|0x0000000083600000, 0x0000000083700000, 0x0000000083700000|100%| E|CS|TAMS 0x0000000083600000| PB 0x0000000083600000| Complete 
|  55|0x0000000083700000, 0x0000000083800000, 0x0000000083800000|100%| E|CS|TAMS 0x0000000083700000| PB 0x0000000083700000| Complete 
|  56|0x0000000083800000, 0x0000000083900000, 0x0000000083900000|100%| E|CS|TAMS 0x0000000083800000| PB 0x0000000083800000| Complete 
|  57|0x0000000083900000, 0x0000000083a00000, 0x0000000083a00000|100%| E|CS|TAMS 0x0000000083900000| PB 0x0000000083900000| Complete 
|  58|0x0000000083a00000, 0x0000000083b00000, 0x0000000083b00000|100%| E|CS|TAMS 0x0000000083a00000| PB 0x0000000083a00000| Complete 
|  59|0x0000000083b00000, 0x0000000083c00000, 0x0000000083c00000|100%| E|CS|TAMS 0x0000000083b00000| PB 0x0000000083b00000| Complete 
|  60|0x0000000083c00000, 0x0000000083d00000, 0x0000000083d00000|100%| E|CS|TAMS 0x0000000083c00000| PB 0x0000000083c00000| Complete 
|  61|0x0000000083d00000, 0x0000000083e00000, 0x0000000083e00000|100%| E|CS|TAMS 0x0000000083d00000| PB 0x0000000083d00000| Complete 
|  62|0x0000000083e00000, 0x0000000083f00000, 0x0000000083f00000|100%| E|CS|TAMS 0x0000000083e00000| PB 0x0000000083e00000| Complete 
|  63|0x0000000083f00000, 0x0000000084000000, 0x0000000084000000|100%| E|CS|TAMS 0x0000000083f00000| PB 0x0000000083f00000| Complete 
|  64|0x0000000084000000, 0x0000000084100000, 0x0000000084100000|100%| E|CS|TAMS 0x0000000084000000| PB 0x0000000084000000| Complete 
|  65|0x0000000084100000, 0x0000000084200000, 0x0000000084200000|100%| E|CS|TAMS 0x0000000084100000| PB 0x0000000084100000| Complete 
|  66|0x0000000084200000, 0x0000000084300000, 0x0000000084300000|100%| E|CS|TAMS 0x0000000084200000| PB 0x0000000084200000| Complete 
|  67|0x0000000084300000, 0x00000000843d1d30, 0x0000000084400000| 81%| E|CS|TAMS 0x0000000084300000| PB 0x0000000084300000| Complete 
| 230|0x000000008e600000, 0x000000008e700000, 0x000000008e700000|100%| E|CS|TAMS 0x000000008e600000| PB 0x000000008e600000| Complete 
| 231|0x000000008e700000, 0x000000008e800000, 0x000000008e800000|100%| E|CS|TAMS 0x000000008e700000| PB 0x000000008e700000| Complete 
| 232|0x000000008e800000, 0x000000008e900000, 0x000000008e900000|100%| E|CS|TAMS 0x000000008e800000| PB 0x000000008e800000| Complete 
| 233|0x000000008e900000, 0x000000008ea00000, 0x000000008ea00000|100%| E|CS|TAMS 0x000000008e900000| PB 0x000000008e900000| Complete 
| 234|0x000000008ea00000, 0x000000008eb00000, 0x000000008eb00000|100%| E|CS|TAMS 0x000000008ea00000| PB 0x000000008ea00000| Complete 
| 235|0x000000008eb00000, 0x000000008ec00000, 0x000000008ec00000|100%| E|CS|TAMS 0x000000008eb00000| PB 0x000000008eb00000| Complete 
| 236|0x000000008ec00000, 0x000000008ed00000, 0x000000008ed00000|100%| E|CS|TAMS 0x000000008ec00000| PB 0x000000008ec00000| Complete 
| 237|0x000000008ed00000, 0x000000008ee00000, 0x000000008ee00000|100%| E|CS|TAMS 0x000000008ed00000| PB 0x000000008ed00000| Complete 
| 238|0x000000008ee00000, 0x000000008ef00000, 0x000000008ef00000|100%| E|CS|TAMS 0x000000008ee00000| PB 0x000000008ee00000| Complete 
| 239|0x000000008ef00000, 0x000000008f000000, 0x000000008f000000|100%| E|CS|TAMS 0x000000008ef00000| PB 0x000000008ef00000| Complete 
| 240|0x000000008f000000, 0x000000008f100000, 0x000000008f100000|100%| E|CS|TAMS 0x000000008f000000| PB 0x000000008f000000| Complete 
| 241|0x000000008f100000, 0x000000008f200000, 0x000000008f200000|100%| E|CS|TAMS 0x000000008f100000| PB 0x000000008f100000| Complete 
| 242|0x000000008f200000, 0x000000008f300000, 0x000000008f300000|100%| E|CS|TAMS 0x000000008f200000| PB 0x000000008f200000| Complete 
| 243|0x000000008f300000, 0x000000008f400000, 0x000000008f400000|100%| E|CS|TAMS 0x000000008f300000| PB 0x000000008f300000| Complete 
| 378|0x0000000097a00000, 0x0000000097b00000, 0x0000000097b00000|100%| E|CS|TAMS 0x0000000097a00000| PB 0x0000000097a00000| Complete 
| 379|0x0000000097b00000, 0x0000000097c00000, 0x0000000097c00000|100%| E|CS|TAMS 0x0000000097b00000| PB 0x0000000097b00000| Complete 

Card table byte_map: [0x00000188f83b0000,0x00000188f87b0000] _byte_map_base: 0x00000188f7fb0000

Marking Bits: (CMBitMap*) 0x00000188f4956350
 Bits: [0x00000188f87b0000, 0x00000188fa7b0000)

Polling page: 0x00000188f26f0000

Metaspace:

Usage:
  Non-class:     28.34 MB used.
      Class:      4.47 MB used.
       Both:     32.82 MB used.

Virtual space:
  Non-class space:       64.00 MB reserved,      28.75 MB ( 45%) committed,  1 nodes.
      Class space:        1.00 GB reserved,       4.81 MB ( <1%) committed,  1 nodes.
             Both:        1.06 GB reserved,      33.56 MB (  3%) committed. 

Chunk freelists:
   Non-Class:  3.09 MB
       Class:  11.01 MB
        Both:  14.10 MB

MaxMetaspaceSize: unlimited
CompressedClassSpaceSize: 1.00 GB
Initial GC threshold: 21.00 MB
Current GC threshold: 35.12 MB
CDS: off
 - commit_granule_bytes: 65536.
 - commit_granule_words: 8192.
 - virtual_space_node_default_size: 8388608.
 - enlarge_chunks_in_place: 1.
 - use_allocation_guard: 0.


Internal statistics:

num_allocs_failed_limit: 3.
num_arena_births: 1234.
num_arena_deaths: 0.
num_vsnodes_births: 2.
num_vsnodes_deaths: 0.
num_space_committed: 537.
num_space_uncommitted: 0.
num_chunks_returned_to_freelist: 3.
num_chunks_taken_from_freelist: 2237.
num_chunk_merges: 3.
num_chunk_splits: 1450.
num_chunks_enlarged: 948.
num_inconsistent_stats: 0.

CodeHeap 'non-profiled nmethods': size=120000Kb used=2338Kb max_used=2338Kb free=117661Kb
 bounds [0x0000018887ad0000, 0x0000018887d40000, 0x000001888f000000]
CodeHeap 'profiled nmethods': size=120000Kb used=7164Kb max_used=7164Kb free=112836Kb
 bounds [0x0000018880000000, 0x0000018880700000, 0x0000018887530000]
CodeHeap 'non-nmethods': size=5760Kb used=1402Kb max_used=1451Kb free=4357Kb
 bounds [0x0000018887530000, 0x00000188877a0000, 0x0000018887ad0000]
CodeCache: size=245760Kb, used=10904Kb, max_used=10953Kb, free=234854Kb
 total_blobs=4149, nmethods=3572, adapters=481, full_count=0
Compilation: enabled, stopped_count=0, restarted_count=0

Compilation events (20 events):
Event: 47.215 Thread 0x00000188fd5ec4a0 3561       3       java.util.regex.CharPredicates::lambda$ctype$17 (21 bytes)
Event: 47.216 Thread 0x00000188fd5ec4a0 nmethod 3561 0x00000188806f9d90 code [0x00000188806f9f40, 0x00000188806fa238]
Event: 47.243 Thread 0x00000188fd5e97b0 3563       4       java.lang.invoke.LambdaForm::argument (27 bytes)
Event: 47.246 Thread 0x00000188fd5e97b0 nmethod 3563 0x0000018887d17d10 code [0x0000018887d17ea0, 0x0000018887d18010]
Event: 47.266 Thread 0x00000188fd5ec4a0 3566       3       java.lang.PublicMethods$MethodList::filter (104 bytes)
Event: 47.268 Thread 0x00000188fd5ec4a0 nmethod 3566 0x00000188806fa390 code [0x00000188806fa5e0, 0x00000188806faf98]
Event: 47.268 Thread 0x00000188fd5ec4a0 3565       3       java.lang.Class::getMethodsRecursive (99 bytes)
Event: 47.269 Thread 0x00000188fd5ec4a0 nmethod 3565 0x00000188806fb490 code [0x00000188806fb6c0, 0x00000188806fbc58]
Event: 47.274 Thread 0x00000188fd5e97b0 3567       4       java.lang.Integer::stringSize (47 bytes)
Event: 47.276 Thread 0x00000188fd5e97b0 nmethod 3567 0x0000018887d18190 code [0x0000018887d18320, 0x0000018887d18408]
Event: 47.325 Thread 0x00000188fd5ec4a0 3568       3       java.lang.reflect.ProxyGenerator$ProxyMethod::codeClassForName (35 bytes)
Event: 47.326 Thread 0x00000188fd5ec4a0 nmethod 3568 0x00000188806fbf90 code [0x00000188806fc1a0, 0x00000188806fc6d0]
Event: 47.399 Thread 0x00000188fd5ec4a0 3569       3       com.google.common.cache.LocalCache::evictsBySize (15 bytes)
Event: 47.399 Thread 0x00000188fd5ec4a0 nmethod 3569 0x00000188806fc890 code [0x00000188806fca20, 0x00000188806fcb88]
Event: 47.399 Thread 0x00000188fd5ec4a0 3570       3       java.lang.invoke.MethodHandles$Lookup::findVirtual (91 bytes)
Event: 47.402 Thread 0x00000188fd5ec4a0 nmethod 3570 0x00000188806fcc10 code [0x00000188806fcee0, 0x00000188806fda60]
Event: 47.423 Thread 0x00000188fd5ec4a0 3571       3       java.lang.invoke.Invokers::basicInvoker (103 bytes)
Event: 47.425 Thread 0x00000188fd5ec4a0 nmethod 3571 0x00000188806fdf90 code [0x00000188806fe240, 0x00000188806febd8]
Event: 47.427 Thread 0x00000188fd5e97b0 3572       4       java.lang.invoke.LambdaForm$Name::internArguments (62 bytes)
Event: 47.441 Thread 0x00000188fd5e97b0 nmethod 3572 0x0000018887d18490 code [0x0000018887d18640, 0x0000018887d18958]

GC Heap History (9 events):
Event: 5.193 GC heap before
{Heap before GC invocations=0 (full 0):
 garbage-first heap   total 389120K, used 22528K [0x0000000080000000, 0x0000000100000000)
  region size 1024K, 23 young (23552K), 0 survivors (0K)
 Metaspace       used 7883K, committed 8000K, reserved 1114112K
  class space    used 735K, committed 768K, reserved 1048576K
}
Event: 5.562 GC heap after
{Heap after GC invocations=1 (full 0):
 garbage-first heap   total 389120K, used 1415K [0x0000000080000000, 0x0000000100000000)
  region size 1024K, 2 young (2048K), 2 survivors (2048K)
 Metaspace       used 7883K, committed 8000K, reserved 1114112K
  class space    used 735K, committed 768K, reserved 1048576K
}
Event: 14.213 GC heap before
{Heap before GC invocations=1 (full 0):
 garbage-first heap   total 389120K, used 40327K [0x0000000080000000, 0x0000000100000000)
  region size 1024K, 38 young (38912K), 2 survivors (2048K)
 Metaspace       used 11628K, committed 11776K, reserved 1114112K
  class space    used 1248K, committed 1344K, reserved 1048576K
}
Event: 14.252 GC heap after
{Heap after GC invocations=2 (full 0):
 garbage-first heap   total 389120K, used 9842K [0x0000000080000000, 0x0000000100000000)
  region size 1024K, 5 young (5120K), 5 survivors (5120K)
 Metaspace       used 11628K, committed 11776K, reserved 1114112K
  class space    used 1248K, committed 1344K, reserved 1048576K
}
Event: 31.656 GC heap before
{Heap before GC invocations=2 (full 0):
 garbage-first heap   total 389120K, used 145010K [0x0000000080000000, 0x0000000100000000)
  region size 1024K, 136 young (139264K), 5 survivors (5120K)
 Metaspace       used 21190K, committed 21504K, reserved 1114112K
  class space    used 2499K, committed 2624K, reserved 1048576K
}
Event: 31.678 GC heap after
{Heap after GC invocations=3 (full 0):
 garbage-first heap   total 389120K, used 19568K [0x0000000080000000, 0x0000000100000000)
  region size 1024K, 14 young (14336K), 14 survivors (14336K)
 Metaspace       used 21190K, committed 21504K, reserved 1114112K
  class space    used 2499K, committed 2624K, reserved 1048576K
}
Event: 40.247 GC heap before
{Heap before GC invocations=4 (full 0):
 garbage-first heap   total 68608K, used 66672K [0x0000000080000000, 0x0000000100000000)
  region size 1024K, 61 young (62464K), 14 survivors (14336K)
 Metaspace       used 29090K, committed 29568K, reserved 1114112K
  class space    used 3780K, committed 3968K, reserved 1048576K
}
Event: 40.268 GC heap after
{Heap after GC invocations=5 (full 0):
 garbage-first heap   total 86016K, used 22969K [0x0000000080000000, 0x0000000100000000)
  region size 1024K, 17 young (17408K), 17 survivors (17408K)
 Metaspace       used 29090K, committed 29568K, reserved 1114112K
  class space    used 3780K, committed 3968K, reserved 1048576K
}
Event: 47.447 GC heap before
{Heap before GC invocations=5 (full 0):
 garbage-first heap   total 86016K, used 55737K [0x0000000080000000, 0x0000000100000000)
  region size 1024K, 50 young (51200K), 17 survivors (17408K)
 Metaspace       used 33605K, committed 34368K, reserved 1114112K
  class space    used 4581K, committed 4928K, reserved 1048576K
}

Dll operation events (3 events):
Event: 0.189 Loaded shared library C:\Program Files\Android\Android Studio\jbr\bin\java.dll
Event: 0.209 Loaded shared library C:\Program Files\Android\Android Studio\jbr\bin\zip.dll
Event: 9.065 Loaded shared library C:\Program Files\Android\Android Studio\jbr\bin\verify.dll

Deoptimization events (20 events):
Event: 44.996 Thread 0x00000188fdbe04a0 Uncommon trap: trap_request=0xffffff45 fr.pc=0x0000018887cf4330 relative=0x00000000000001d0
Event: 44.996 Thread 0x00000188fdbe04a0 Uncommon trap: reason=unstable_if action=reinterpret pc=0x0000018887cf4330 method=java.util.HashMap.getNode(Ljava/lang/Object;)Ljava/util/HashMap$Node; @ 131 c2
Event: 44.996 Thread 0x00000188fdbe04a0 DEOPT PACKING pc=0x0000018887cf4330 sp=0x0000005de29fb5d0
Event: 44.996 Thread 0x00000188fdbe04a0 DEOPT UNPACKING pc=0x00000188875843a2 sp=0x0000005de29fb4f0 mode 2
Event: 45.001 Thread 0x00000188fdbe04a0 Uncommon trap: trap_request=0xffffff45 fr.pc=0x0000018887cf2294 relative=0x00000000000002b4
Event: 45.001 Thread 0x00000188fdbe04a0 Uncommon trap: reason=unstable_if action=reinterpret pc=0x0000018887cf2294 method=java.util.HashMap.getNode(Ljava/lang/Object;)Ljava/util/HashMap$Node; @ 131 c2
Event: 45.001 Thread 0x00000188fdbe04a0 DEOPT PACKING pc=0x0000018887cf2294 sp=0x0000005de29fb570
Event: 45.001 Thread 0x00000188fdbe04a0 DEOPT UNPACKING pc=0x00000188875843a2 sp=0x0000005de29fb4f0 mode 2
Event: 45.918 Thread 0x00000188fdbe04a0 DEOPT PACKING pc=0x00000188806bc3d3 sp=0x0000005de29fa250
Event: 45.918 Thread 0x00000188fdbe04a0 DEOPT UNPACKING pc=0x0000018887584b42 sp=0x0000005de29f9700 mode 0
Event: 45.927 Thread 0x00000188fdbe04a0 DEOPT PACKING pc=0x00000188806bc3d3 sp=0x0000005de29fa250
Event: 45.927 Thread 0x00000188fdbe04a0 DEOPT UNPACKING pc=0x0000018887584b42 sp=0x0000005de29f9700 mode 0
Event: 45.929 Thread 0x00000188fdbe04a0 DEOPT PACKING pc=0x00000188806bc3d3 sp=0x0000005de29fa250
Event: 45.929 Thread 0x00000188fdbe04a0 DEOPT UNPACKING pc=0x0000018887584b42 sp=0x0000005de29f9700 mode 0
Event: 45.933 Thread 0x00000188fdbe04a0 DEOPT PACKING pc=0x00000188806bc3d3 sp=0x0000005de29fa250
Event: 45.933 Thread 0x00000188fdbe04a0 DEOPT UNPACKING pc=0x0000018887584b42 sp=0x0000005de29f9700 mode 0
Event: 46.311 Thread 0x00000188fdbe04a0 Uncommon trap: trap_request=0xffffff45 fr.pc=0x0000018887c44f70 relative=0x0000000000000390
Event: 46.311 Thread 0x00000188fdbe04a0 Uncommon trap: reason=unstable_if action=reinterpret pc=0x0000018887c44f70 method=jdk.internal.org.objectweb.asm.SymbolTable.addType(Ljava/lang/String;)I @ 33 c2
Event: 46.311 Thread 0x00000188fdbe04a0 DEOPT PACKING pc=0x0000018887c44f70 sp=0x0000005de29f9d50
Event: 46.311 Thread 0x00000188fdbe04a0 DEOPT UNPACKING pc=0x00000188875843a2 sp=0x0000005de29f9cd8 mode 2

Classes loaded (20 events):
Event: 44.200 Loading class org/xml/sax/SAXException
Event: 44.201 Loading class org/xml/sax/SAXException done
Event: 44.201 Loading class javax/xml/xpath/XPathExpressionException
Event: 44.201 Loading class javax/xml/xpath/XPathException
Event: 44.201 Loading class javax/xml/xpath/XPathException done
Event: 44.201 Loading class javax/xml/xpath/XPathExpressionException done
Event: 44.202 Loading class org/xml/sax/ErrorHandler
Event: 44.202 Loading class org/xml/sax/ErrorHandler done
Event: 45.241 Loading class java/lang/ThreadLocal$SuppliedThreadLocal
Event: 45.241 Loading class java/lang/ThreadLocal$SuppliedThreadLocal done
Event: 46.114 Loading class java/util/zip/GZIPOutputStream
Event: 46.114 Loading class java/util/zip/DeflaterOutputStream
Event: 46.115 Loading class java/util/zip/DeflaterOutputStream done
Event: 46.115 Loading class java/util/zip/GZIPOutputStream done
Event: 46.115 Loading class java/util/zip/GZIPInputStream
Event: 46.116 Loading class java/util/zip/GZIPInputStream done
Event: 46.131 Loading class java/io/UnsupportedEncodingException
Event: 46.131 Loading class java/io/UnsupportedEncodingException done
Event: 46.327 Loading class java/util/Collections$SingletonMap
Event: 46.328 Loading class java/util/Collections$SingletonMap done

Classes unloaded (0 events):
No events

Classes redefined (0 events):
No events

Internal exceptions (20 events):
Event: 43.102 Thread 0x00000188fdbe04a0 Exception <a 'java/lang/NoSuchMethodError'{0x000000008eeb17a0}: 'java.lang.Object java.lang.invoke.DirectMethodHandle$Holder.invokeVirtual(java.lang.Object, java.lang.Object, java.lang.Object, java.lang.Object, java.lang.Object, java.lang.Object, java.lang.Object, java.lang.Object, java.lang.Object, java.lang.Object, java.lang.Object, java.lang.Object, java.lang.Object, java.lang.Object, java.lang.Object, java.lang.Object, java.lang.Object, java.lang.Object, java.lang.Object, java.lang.Object, java.lang.Ob
Event: 43.176 Thread 0x00000188fdbe04a0 Exception <a 'java/lang/NoSuchMethodError'{0x000000008ed27608}: 'java.lang.Object java.lang.invoke.DirectMethodHandle$Holder.invokeSpecial(java.lang.Object, java.lang.Object, java.lang.Object, java.lang.Object, java.lang.Object, java.lang.Object, java.lang.Object, java.lang.Object, java.lang.Object, java.lang.Object, java.lang.Object, java.lang.Object, java.lang.Object, java.lang.Object, java.lang.Object, java.lang.Object, java.lang.Object, java.lang.Object, java.lang.Object, java.lang.Object, java.lang.Ob
Event: 43.829 Thread 0x00000188fdbe04a0 Exception <a 'sun/nio/fs/WindowsException'{0x000000008ebd6f30}> (0x000000008ebd6f30) 
thrown [s\src\hotspot\share\prims\jni.cpp, line 537]
Event: 44.029 Thread 0x00000188fdbe04a0 Exception <a 'sun/nio/fs/WindowsException'{0x000000008ea91018}> (0x000000008ea91018) 
thrown [s\src\hotspot\share\prims\jni.cpp, line 537]
Event: 45.086 Thread 0x00000188fdbe04a0 Exception <a 'java/lang/NoSuchMethodError'{0x0000000083239f70}: 'java.lang.Object java.lang.invoke.DirectMethodHandle$Holder.newInvokeSpecial(java.lang.Object, java.lang.Object, java.lang.Object, java.lang.Object, java.lang.Object, java.lang.Object, java.lang.Object)'> (0x0000000083239f70) 
thrown [s\src\hotspot\share\interpreter\linkResolver.cpp, line 784]
Event: 45.364 Thread 0x00000188fdbe04a0 Exception <a 'java/lang/NoSuchMethodError'{0x000000008304e898}: 'java.lang.Object java.lang.invoke.DirectMethodHandle$Holder.invokeVirtual(java.lang.Object, java.lang.Object, java.lang.Object, java.lang.Object, java.lang.Object, java.lang.Object, java.lang.Object, java.lang.Object, java.lang.Object, java.lang.Object, java.lang.Object)'> (0x000000008304e898) 
thrown [s\src\hotspot\share\interpreter\linkResolver.cpp, line 784]
Event: 46.236 Thread 0x00000188fdbe04a0 Exception <a 'java/lang/NoSuchMethodError'{0x000000008299f888}: 'java.lang.Object java.lang.invoke.DirectMethodHandle$Holder.invokeVirtual(java.lang.Object, java.lang.Object, java.lang.Object, java.lang.Object, java.lang.Object, java.lang.Object, java.lang.Object, java.lang.Object, java.lang.Object, java.lang.Object)'> (0x000000008299f888) 
thrown [s\src\hotspot\share\interpreter\linkResolver.cpp, line 784]
Event: 46.262 Thread 0x00000188fdbe04a0 Exception <a 'sun/nio/fs/WindowsException'{0x00000000829da688}> (0x00000000829da688) 
thrown [s\src\hotspot\share\prims\jni.cpp, line 537]
Event: 46.318 Thread 0x00000188fdbe04a0 Exception <a 'sun/nio/fs/WindowsException'{0x00000000828364b8}> (0x00000000828364b8) 
thrown [s\src\hotspot\share\prims\jni.cpp, line 537]
Event: 46.366 Thread 0x00000188fdbe04a0 Exception <a 'sun/nio/fs/WindowsException'{0x000000008286b868}> (0x000000008286b868) 
thrown [s\src\hotspot\share\prims\jni.cpp, line 537]
Event: 46.444 Thread 0x00000188fdbe04a0 Exception <a 'java/lang/NoSuchMethodError'{0x00000000828a9d80}: 'java.lang.Object java.lang.invoke.DirectMethodHandle$Holder.invokeSpecial(java.lang.Object, java.lang.Object, java.lang.Object, java.lang.Object, java.lang.Object, java.lang.Object, java.lang.Object, java.lang.Object, java.lang.Object, java.lang.Object, java.lang.Object, java.lang.Object, java.lang.Object, java.lang.Object, java.lang.Object, java.lang.Object, java.lang.Object, java.lang.Object, java.lang.Object, java.lang.Object, java.lang.Ob
Event: 46.445 Thread 0x00000188fdbe04a0 Exception <a 'java/lang/NoSuchMethodError'{0x00000000828af778}: 'java.lang.Object java.lang.invoke.DelegatingMethodHandle$Holder.reinvoke_L(java.lang.Object, java.lang.Object, java.lang.Object, java.lang.Object, java.lang.Object, java.lang.Object, java.lang.Object, java.lang.Object, java.lang.Object, java.lang.Object, java.lang.Object, java.lang.Object, java.lang.Object, java.lang.Object, java.lang.Object, java.lang.Object, java.lang.Object, java.lang.Object, java.lang.Object, java.lang.Object, java.lang.O
Event: 46.447 Thread 0x00000188fdbe04a0 Exception <a 'java/lang/NoSuchMethodError'{0x00000000828baee8}: 'java.lang.Object java.lang.invoke.DirectMethodHandle$Holder.invokeSpecial(java.lang.Object, java.lang.Object, java.lang.Object, java.lang.Object, java.lang.Object, java.lang.Object, java.lang.Object, java.lang.Object, java.lang.Object, java.lang.Object, java.lang.Object, java.lang.Object, java.lang.Object, java.lang.Object, java.lang.Object, java.lang.Object, java.lang.Object, java.lang.Object, java.lang.Object, java.lang.Object, java.lang.Ob
Event: 46.448 Thread 0x00000188fdbe04a0 Exception <a 'java/lang/NoSuchMethodError'{0x00000000828c0700}: 'java.lang.Object java.lang.invoke.Invokers$Holder.invoker(java.lang.Object, java.lang.Object, java.lang.Object, java.lang.Object, java.lang.Object, java.lang.Object, java.lang.Object, java.lang.Object, java.lang.Object, java.lang.Object, java.lang.Object, java.lang.Object, java.lang.Object, java.lang.Object, java.lang.Object, java.lang.Object, java.lang.Object, java.lang.Object, java.lang.Object, java.lang.Object, java.lang.Object, java.lang.
Event: 46.455 Thread 0x00000188fdbe04a0 Exception <a 'java/lang/NoSuchMethodError'{0x00000000828c6928}: 'java.lang.Object java.lang.invoke.DelegatingMethodHandle$Holder.delegate(java.lang.Object, java.lang.Object, java.lang.Object, java.lang.Object, java.lang.Object, java.lang.Object, java.lang.Object, java.lang.Object, java.lang.Object, java.lang.Object, java.lang.Object, java.lang.Object, java.lang.Object, java.lang.Object, java.lang.Object, java.lang.Object, java.lang.Object, java.lang.Object, java.lang.Object, java.lang.Object, java.lang.Obj
Event: 46.911 Thread 0x00000188fdbe04a0 Exception <a 'java/lang/NoSuchMethodError'{0x00000000826d9928}: 'java.lang.Object java.lang.invoke.DirectMethodHandle$Holder.invokeStaticInit(java.lang.Object, java.lang.Object, java.lang.Object, java.lang.Object)'> (0x00000000826d9928) 
thrown [s\src\hotspot\share\interpreter\linkResolver.cpp, line 784]
Event: 47.158 Thread 0x00000188fdbe04a0 Exception <a 'java/lang/NoSuchMethodError'{0x00000000824a3c58}: 'void java.lang.invoke.DirectMethodHandle$Holder.invokeStatic(java.lang.Object, java.lang.Object, java.lang.Object, java.lang.Object)'> (0x00000000824a3c58) 
thrown [s\src\hotspot\share\interpreter\linkResolver.cpp, line 784]
Event: 47.242 Thread 0x00000188fdbe04a0 Exception <a 'java/lang/NoSuchMethodError'{0x0000000082338618}: 'java.lang.Object java.lang.invoke.DirectMethodHandle$Holder.invokeVirtual(java.lang.Object, java.lang.Object, java.lang.Object, java.lang.Object, java.lang.Object, java.lang.Object, java.lang.Object, java.lang.Object, java.lang.Object, java.lang.Object, java.lang.Object, java.lang.Object, java.lang.Object)'> (0x0000000082338618) 
thrown [s\src\hotspot\share\interpreter\linkResolver.cpp, line 784]
Event: 47.243 Thread 0x00000188fdbe04a0 Exception <a 'java/lang/NoSuchMethodError'{0x000000008233d8d0}: 'java.lang.Object java.lang.invoke.DirectMethodHandle$Holder.invokeSpecial(java.lang.Object, java.lang.Object, java.lang.Object, java.lang.Object, java.lang.Object, java.lang.Object, java.lang.Object, java.lang.Object, java.lang.Object, java.lang.Object, java.lang.Object, java.lang.Object, java.lang.Object, java.lang.Object)'> (0x000000008233d8d0) 
thrown [s\src\hotspot\share\interpreter\linkResolver.cpp, line 784]
Event: 47.245 Thread 0x00000188fdbe04a0 Exception <a 'java/lang/NoSuchMethodError'{0x00000000823428d8}: 'java.lang.Object java.lang.invoke.DelegatingMethodHandle$Holder.reinvoke_L(java.lang.Object, java.lang.Object, java.lang.Object, java.lang.Object, java.lang.Object, java.lang.Object, java.lang.Object, java.lang.Object, java.lang.Object, java.lang.Object, java.lang.Object, java.lang.Object, java.lang.Object)'> (0x00000000823428d8) 
thrown [s\src\hotspot\share\interpreter\linkResolver.cpp, line 784]

ZGC Phase Switch (0 events):
No events

VM Operations (20 events):
Event: 39.033 Executing VM operation: Cleanup done
Event: 40.040 Executing VM operation: Cleanup
Event: 40.054 Executing VM operation: Cleanup done
Event: 40.247 Executing VM operation: G1CollectForAllocation (G1 Evacuation Pause)
Event: 40.269 Executing VM operation: G1CollectForAllocation (G1 Evacuation Pause) done
Event: 41.282 Executing VM operation: Cleanup
Event: 41.298 Executing VM operation: Cleanup done
Event: 42.299 Executing VM operation: Cleanup
Event: 42.315 Executing VM operation: Cleanup done
Event: 43.323 Executing VM operation: Cleanup
Event: 43.331 Executing VM operation: Cleanup done
Event: 44.344 Executing VM operation: Cleanup
Event: 44.344 Executing VM operation: Cleanup done
Event: 45.347 Executing VM operation: Cleanup
Event: 45.347 Executing VM operation: Cleanup done
Event: 46.363 Executing VM operation: Cleanup
Event: 46.363 Executing VM operation: Cleanup done
Event: 47.370 Executing VM operation: Cleanup
Event: 47.383 Executing VM operation: Cleanup done
Event: 47.447 Executing VM operation: G1CollectForAllocation (G1 Evacuation Pause)

Memory protections (0 events):
No events

Nmethod flushes (0 events):
No events

Events (20 events):
Event: 29.738 Loaded shared library C:\Program Files\Android\Android Studio\jbr\bin\extnet.dll
Event: 30.492 Thread 0x00000188f48fc2c0 Thread added: 0x00000188fe49c4a0
Event: 31.068 Thread 0x00000188f48fc2c0 Thread added: 0x0000018893401e50
Event: 31.233 Thread 0x00000188fe49c4a0 Thread added: 0x000001889314b660
Event: 31.241 Thread 0x000001889314b660 Thread added: 0x00000188fef84040
Event: 31.325 Thread 0x000001889314b660 Thread added: 0x00000188fdbdfbc0
Event: 31.349 Thread 0x000001889314b660 Thread added: 0x00000188fdbe04a0
Event: 31.391 Thread 0x00000188fdbe04a0 Thread added: 0x00000188fe70b5f0
Event: 31.421 Thread 0x00000188fdbe04a0 Thread added: 0x00000188fe70bc80
Event: 31.433 Thread 0x00000188fdbe04a0 Thread added: 0x00000188fe70ea70
Event: 35.802 Thread 0x00000188fdbe04a0 Thread added: 0x00000188fe70d6c0
Event: 35.891 Thread 0x00000188fdbe04a0 Thread added: 0x00000188fe70dd50
Event: 36.124 Thread 0x00000188fdbe04a0 Thread added: 0x00000188fe70e3e0
Event: 36.831 Thread 0x00000188fd5ec4a0 Thread added: 0x00000188939208e0
Event: 38.255 Thread 0x00000188939208e0 Thread exited: 0x00000188939208e0
Event: 41.881 Thread 0x00000188fd5ec4a0 Thread added: 0x0000018893abc6b0
Event: 43.176 Thread 0x0000018893abc6b0 Thread exited: 0x0000018893abc6b0
Event: 44.015 Thread 0x00000188fdbe04a0 Thread added: 0x00000188fe70c9a0
Event: 46.247 Thread 0x00000188fdbe04a0 Thread added: 0x0000018893aa7530
Event: 46.348 Thread 0x00000188fdbe04a0 Thread added: 0x0000018893aa6180


Dynamic libraries:
0x00007ff71bbf0000 - 0x00007ff71bbfa000 	C:\Program Files\Android\Android Studio\jbr\bin\java.exe
0x00007ffa75f40000 - 0x00007ffa761a7000 	C:\Windows\SYSTEM32\ntdll.dll
0x00007ffa73fb0000 - 0x00007ffa74079000 	C:\Windows\System32\KERNEL32.DLL
0x00007ffa72ea0000 - 0x00007ffa73294000 	C:\Windows\System32\KERNELBASE.dll
0x00007ffa72810000 - 0x00007ffa7295b000 	C:\Windows\System32\ucrtbase.dll
0x00007ffa33d60000 - 0x00007ffa33d78000 	C:\Program Files\Android\Android Studio\jbr\bin\jli.dll
0x00007ffa74770000 - 0x00007ffa74935000 	C:\Windows\System32\USER32.dll
0x00007ffa72b90000 - 0x00007ffa72bb7000 	C:\Windows\System32\win32u.dll
0x00007ffa73ef0000 - 0x00007ffa73f1b000 	C:\Windows\System32\GDI32.dll
0x00007ffa732a0000 - 0x00007ffa733ca000 	C:\Windows\System32\gdi32full.dll
0x00007ffa72bc0000 - 0x00007ffa72c63000 	C:\Windows\System32\msvcp_win.dll
0x00007ffa62870000 - 0x00007ffa6288b000 	C:\Program Files\Android\Android Studio\jbr\bin\VCRUNTIME140.dll
0x00007ffa50720000 - 0x00007ffa509b3000 	C:\Windows\WinSxS\amd64_microsoft.windows.common-controls_6595b64144ccf1df_6.0.26100.8115_none_3e075c82e3354f9c\COMCTL32.dll
0x00007ffa74e90000 - 0x00007ffa74f39000 	C:\Windows\System32\msvcrt.dll
0x00007ffa75d80000 - 0x00007ffa75db2000 	C:\Windows\System32\IMM32.DLL
0x00007ffa62cd0000 - 0x00007ffa62cdc000 	C:\Program Files\Android\Android Studio\jbr\bin\vcruntime140_1.dll
0x00007ffa33cd0000 - 0x00007ffa33d5d000 	C:\Program Files\Android\Android Studio\jbr\bin\msvcp140.dll
0x00007ffa37980000 - 0x00007ffa38616000 	C:\Program Files\Android\Android Studio\jbr\bin\server\jvm.dll
0x00007ffa75dc0000 - 0x00007ffa75e76000 	C:\Windows\System32\ADVAPI32.dll
0x00007ffa74cc0000 - 0x00007ffa74d67000 	C:\Windows\System32\sechost.dll
0x00007ffa756f0000 - 0x00007ffa75808000 	C:\Windows\System32\RPCRT4.dll
0x00007ffa73cd0000 - 0x00007ffa73d50000 	C:\Windows\System32\WS2_32.dll
0x00007ffa6bf70000 - 0x00007ffa6bfa6000 	C:\Windows\SYSTEM32\WINMM.dll
0x00007ffa72690000 - 0x00007ffa726ee000 	C:\Windows\SYSTEM32\POWRPROF.dll
0x00007ffa68600000 - 0x00007ffa6860b000 	C:\Windows\SYSTEM32\VERSION.dll
0x00007ffa72650000 - 0x00007ffa72664000 	C:\Windows\SYSTEM32\UMPDC.dll
0x00007ffa71560000 - 0x00007ffa7157b000 	C:\Windows\SYSTEM32\kernel.appcore.dll
0x00007ffa62860000 - 0x00007ffa6286a000 	C:\Program Files\Android\Android Studio\jbr\bin\jimage.dll
0x00007ffa70680000 - 0x00007ffa708c2000 	C:\Windows\SYSTEM32\DBGHELP.DLL
0x00007ffa759f0000 - 0x00007ffa75d72000 	C:\Windows\System32\combase.dll
0x00007ffa74da0000 - 0x00007ffa74e77000 	C:\Windows\System32\OLEAUT32.dll
0x00007ffa4c2d0000 - 0x00007ffa4c30b000 	C:\Windows\SYSTEM32\dbgcore.DLL
0x00007ffa72960000 - 0x00007ffa72a05000 	C:\Windows\System32\bcryptPrimitives.dll
0x00007ffa33cc0000 - 0x00007ffa33cce000 	C:\Program Files\Android\Android Studio\jbr\bin\instrument.dll
0x00007ffa62840000 - 0x00007ffa62860000 	C:\Program Files\Android\Android Studio\jbr\bin\java.dll
0x00007ffa62820000 - 0x00007ffa62838000 	C:\Program Files\Android\Android Studio\jbr\bin\zip.dll
0x00007ffa74f50000 - 0x00007ffa756b6000 	C:\Windows\System32\SHELL32.dll
0x00007ffa72d30000 - 0x00007ffa72e9a000 	C:\Windows\System32\wintypes.dll
0x00007ffa73460000 - 0x00007ffa73cc5000 	C:\Windows\System32\windows.storage.dll
0x00007ffa74a20000 - 0x00007ffa74b17000 	C:\Windows\System32\SHCORE.dll
0x00007ffa73dc0000 - 0x00007ffa73e26000 	C:\Windows\System32\shlwapi.dll
0x00007ffa72730000 - 0x00007ffa72759000 	C:\Windows\SYSTEM32\profapi.dll
0x00007ffa62810000 - 0x00007ffa62820000 	C:\Program Files\Android\Android Studio\jbr\bin\net.dll
0x00007ffa62fa0000 - 0x00007ffa630cd000 	C:\Windows\SYSTEM32\WINHTTP.dll
0x00007ffa71ab0000 - 0x00007ffa71b1c000 	C:\Windows\system32\mswsock.dll
0x00007ffa627f0000 - 0x00007ffa62806000 	C:\Program Files\Android\Android Studio\jbr\bin\nio.dll
0x00007ffa48d00000 - 0x00007ffa48d10000 	C:\Program Files\Android\Android Studio\jbr\bin\verify.dll
0x00007ff9f9390000 - 0x00007ff9f93b7000 	C:\Users\tarik\.gradle\native\c067742578af261105cb4f569cf0c3c89f3d7b1fecec35dd04571415982c5e48\windows-amd64\native-platform.dll
0x00007ff9e3260000 - 0x00007ff9e33a4000 	C:\Users\tarik\.gradle\native\100fb08df4bc3b14c8652ba06237920a3bd2aa13389f12d3474272988ae205f9\windows-amd64\native-platform-file-events.dll
0x00007ffa62630000 - 0x00007ffa62639000 	C:\Program Files\Android\Android Studio\jbr\bin\management.dll
0x00007ffa41d20000 - 0x00007ffa41d2b000 	C:\Program Files\Android\Android Studio\jbr\bin\management_ext.dll
0x00007ffa74a10000 - 0x00007ffa74a18000 	C:\Windows\System32\PSAPI.DLL
0x00007ffa71eb0000 - 0x00007ffa71ecb000 	C:\Windows\SYSTEM32\CRYPTSP.dll
0x00007ffa714c0000 - 0x00007ffa714f9000 	C:\Windows\system32\rsaenh.dll
0x00007ffa71b60000 - 0x00007ffa71b93000 	C:\Windows\SYSTEM32\USERENV.dll
0x00007ffa72700000 - 0x00007ffa7272a000 	C:\Windows\SYSTEM32\bcrypt.dll
0x00007ffa71d10000 - 0x00007ffa71d1c000 	C:\Windows\SYSTEM32\CRYPTBASE.dll
0x00007ffa70e60000 - 0x00007ffa70e92000 	C:\Windows\SYSTEM32\IPHLPAPI.DLL
0x00007ffa74f40000 - 0x00007ffa74f4a000 	C:\Windows\System32\NSI.dll
0x00007ffa62640000 - 0x00007ffa62649000 	C:\Program Files\Android\Android Studio\jbr\bin\extnet.dll
0x00007ffa49070000 - 0x00007ffa49078000 	C:\Windows\system32\wshunix.dll

JVMTI agents:
C:\Users\tarik\.gradle\wrapper\dists\gradle-8.11.1-bin\bpt9gzteqjrbo1mjrsomdt32c\gradle-8.11.1\lib\agents\gradle-instrumentation-agent-8.11.1.jar path:C:\Program Files\Android\Android Studio\jbr\bin\instrument.dll, loaded, initialized, instrumentlib options:none

dbghelp: loaded successfully - version: 4.0.5 - missing functions: none
symbol engine: initialized successfully - sym options: 0x614 - pdb path: .;C:\Program Files\Android\Android Studio\jbr\bin;C:\Windows\SYSTEM32;C:\Windows\WinSxS\amd64_microsoft.windows.common-controls_6595b64144ccf1df_6.0.26100.8115_none_3e075c82e3354f9c;C:\Program Files\Android\Android Studio\jbr\bin\server;C:\Users\tarik\.gradle\native\c067742578af261105cb4f569cf0c3c89f3d7b1fecec35dd04571415982c5e48\windows-amd64;C:\Users\tarik\.gradle\native\100fb08df4bc3b14c8652ba06237920a3bd2aa13389f12d3474272988ae205f9\windows-amd64

VM Arguments:
jvm_args: --add-opens=java.base/java.lang=ALL-UNNAMED --add-opens=java.base/java.lang.invoke=ALL-UNNAMED --add-opens=java.base/java.util=ALL-UNNAMED --add-opens=java.prefs/java.util.prefs=ALL-UNNAMED --add-exports=jdk.compiler/com.sun.tools.javac.api=ALL-UNNAMED --add-exports=jdk.compiler/com.sun.tools.javac.util=ALL-UNNAMED --add-opens=java.base/java.util=ALL-UNNAMED --add-opens=java.prefs/java.util.prefs=ALL-UNNAMED --add-opens=java.base/java.nio.charset=ALL-UNNAMED --add-opens=java.base/java.net=ALL-UNNAMED --add-opens=java.base/java.util.concurrent.atomic=ALL-UNNAMED --add-opens=java.xml/javax.xml.namespace=ALL-UNNAMED -Xmx2048m -Dfile.encoding=UTF-8 -Duser.country=FR -Duser.language=fr -Duser.variant -javaagent:C:\Users\tarik\.gradle\wrapper\dists\gradle-8.11.1-bin\bpt9gzteqjrbo1mjrsomdt32c\gradle-8.11.1\lib\agents\gradle-instrumentation-agent-8.11.1.jar 
java_command: org.gradle.launcher.daemon.bootstrap.GradleDaemon 8.11.1
java_class_path (initial): C:\Users\tarik\.gradle\wrapper\dists\gradle-8.11.1-bin\bpt9gzteqjrbo1mjrsomdt32c\gradle-8.11.1\lib\gradle-daemon-main-8.11.1.jar
Launcher Type: SUN_STANDARD

[Global flags]
     intx CICompilerCount                          = 4                                         {product} {ergonomic}
     uint ConcGCThreads                            = 3                                         {product} {ergonomic}
     uint G1ConcRefinementThreads                  = 10                                        {product} {ergonomic}
   size_t G1HeapRegionSize                         = 1048576                                   {product} {ergonomic}
    uintx GCDrainStackTargetSize                   = 64                                        {product} {ergonomic}
   size_t InitialHeapSize                          = 398458880                                 {product} {ergonomic}
   size_t MarkStackSize                            = 4194304                                   {product} {ergonomic}
   size_t MaxHeapSize                              = 2147483648                                {product} {command line}
   size_t MaxNewSize                               = 1287651328                                {product} {ergonomic}
   size_t MinHeapDeltaBytes                        = 1048576                                   {product} {ergonomic}
   size_t MinHeapSize                              = 8388608                                   {product} {ergonomic}
    uintx NonNMethodCodeHeapSize                   = 5839372                                {pd product} {ergonomic}
    uintx NonProfiledCodeHeapSize                  = 122909434                              {pd product} {ergonomic}
    uintx ProfiledCodeHeapSize                     = 122909434                              {pd product} {ergonomic}
    uintx ReservedCodeCacheSize                    = 251658240                              {pd product} {ergonomic}
     bool SegmentedCodeCache                       = true                                      {product} {ergonomic}
   size_t SoftMaxHeapSize                          = 2147483648                             {manageable} {ergonomic}
     bool UseCompressedOops                        = true                           {product lp64_product} {ergonomic}
     bool UseG1GC                                  = true                                      {product} {ergonomic}
     bool UseLargePagesIndividualAllocation        = false                                  {pd product} {ergonomic}

Logging:
Log output configuration:
 #0: stdout all=warning uptime,level,tags foldmultilines=false
 #1: stderr all=off uptime,level,tags foldmultilines=false

Release file:
JAVA_VERSION="21.0.9" 
MODULES="java.base java.compiler java.datatransfer java.xml java.prefs java.desktop java.instrument java.logging java.management java.security.sasl java.naming java.rmi java.management.rmi java.net.http java.scripting java.security.jgss java.transaction.xa java.sql java.sql.rowset java.xml.crypto java.se java.smartcardio jdk.accessibility jdk.internal.jvmstat jdk.attach jdk.charsets jdk.internal.opt jdk.zipfs jdk.compiler jdk.crypto.ec jdk.crypto.cryptoki jdk.dynalink jdk.hotspot.agent jdk.httpserver jdk.internal.ed jdk.internal.le jdk.internal.vm.ci jdk.jartool jdk.javadoc jdk.jcmd jdk.jdeps jdk.jdwp.agent jdk.jdi jdk.jfr jdk.jlink jdk.jsobject jdk.localedata jdk.management jdk.management.agent jdk.management.jfr jdk.naming.dns jdk.naming.rmi jdk.net jdk.sctp jdk.security.auth jdk.security.jgss jdk.unsupported jdk.unsupported.desktop jdk.xml.dom" 
IMPLEMENTOR="JetBrains s.r.o." 
JAVA_RUNTIME_VERSION="21.0.9+-14649483-b1163.86" 
LIBC="default" 
OS_ARCH="x86_64" 
OS_NAME="Windows" 
SOURCE=".:git:554d0c326095" 

Environment Variables:
PATH=C:\Windows\system32;C:\Windows;C:\Windows\System32\Wbem;C:\Windows\System32\WindowsPowerShell\v1.0\;C:\Windows\System32\OpenSSH\;C:\Program Files\Git\cmd;C:\Users\tarik\AppData\Local\Programs\Microsoft VS Code;C:\Windows\system32;C:\Windows;C:\Windows\System32\Wbem;C:\Windows\System32\WindowsPowerShell\v1.0\;C:\Windows\System32\OpenSSH\;C:\Program Files\Git\cmd;C:\Windows\system32;C:\Windows;C:\Windows\System32\Wbem;C:\Windows\System32\WindowsPowerShell\v1.0\;C:\Windows\System32\OpenSSH\;C:\Users\tarik\AppData\Local\Microsoft\WindowsApps;C:\Users\tarik\AppData\Local\Programs\Microsoft VS Code\bin;C:\Program Files\JetBrains\IntelliJ IDEA 2025.3.3\bin;C:\Users\tarik\OneDrive\Desktop\flutter\bin;C:\Users\tarik\OneDrive\Desktop\my app\flutter\bin;C:\Users\tarik\flutter\bin;C:\Program Files\JetBrains\IntelliJ IDEA 2025.3.3\bin
USERNAME=tarik
OS=Windows_NT
PROCESSOR_IDENTIFIER=Intel64 Family 6 Model 154 Stepping 4, GenuineIntel
TMP=C:\Users\tarik\AppData\Local\Temp
TEMP=C:\Users\tarik\AppData\Local\Temp




Periodic native trim disabled

JNI global refs:
JNI global refs: 23, weak refs: 0

JNI global refs memory usage: 835, weak refs: 833

Process memory usage:
Resident Set Size: 197848K (0% of 24789480K total physical memory with 13500744K free physical memory)

OOME stack traces (most recent first):
Classloader memory used:
Loader bootstrap                                                                       : 17477K
Loader org.gradle.internal.classloader.VisitableURLClassLoader                         : 13772K
Loader org.gradle.initialization.MixInLegacyTypesClassLoader                           : 1964K
Loader jdk.internal.loader.ClassLoaders$AppClassLoader                                 : 235K
Loader jdk.internal.loader.ClassLoaders$PlatformClassLoader                            : 156K

Classes loaded by more than one classloader:
Class org.gradle.internal.classloader.FilteringClassLoader                            : loaded 2 times (x 105B)
Class org.gradle.internal.classloader.ClassLoaderHierarchy                            : loaded 2 times (x 70B)
Class org.gradle.api.internal.classpath.ManifestUtil                                  : loaded 2 times (x 71B)
Class org.gradle.internal.classloader.DefaultClassLoaderFactory                       : loaded 2 times (x 82B)
Class org.gradle.internal.classloader.ClassLoaderVisitor                              : loaded 2 times (x 76B)
Class org.gradle.api.internal.classpath.EffectiveClassPath                            : loaded 2 times (x 90B)
Class org.gradle.api.internal.DefaultClassPathProvider                                : loaded 2 times (x 76B)
Class [Lorg.gradle.api.internal.ClassPathProvider;                                    : loaded 2 times (x 69B)
Class org.gradle.api.internal.ClassPathProvider                                       : loaded 2 times (x 70B)
Class org.gradle.internal.service.UnknownServiceException                             : loaded 2 times (x 83B)
Class org.gradle.internal.classpath.TransformedClassPath                              : loaded 2 times (x 96B)
Class org.gradle.internal.classloader.InstrumentingClassLoader                        : loaded 2 times (x 70B)
Class org.gradle.internal.service.ServiceLocator                                      : loaded 2 times (x 70B)
Class org.gradle.internal.InternalTransformer                                         : loaded 2 times (x 70B)
Class org.gradle.internal.classloader.ClasspathUtil$1                                 : loaded 2 times (x 76B)
Class org.gradle.api.internal.classpath.DefaultModuleRegistry$DefaultModule           : loaded 2 times (x 86B)
Class org.gradle.api.internal.classpath.Module                                        : loaded 2 times (x 70B)
Class org.gradle.api.internal.classpath.UnknownModuleException                        : loaded 2 times (x 82B)
Class org.gradle.api.internal.DefaultClassPathRegistry                                : loaded 2 times (x 76B)
Class org.gradle.api.internal.ClassPathRegistry                                       : loaded 2 times (x 70B)
Class org.gradle.internal.classpath.DefaultClassPath$ImmutableUniqueList              : loaded 2 times (x 199B)
Class org.gradle.internal.classpath.ClassPath                                         : loaded 2 times (x 70B)
Class org.gradle.api.UncheckedIOException                                             : loaded 2 times (x 82B)
Class org.gradle.internal.installation.GradleInstallation$1                           : loaded 2 times (x 75B)
Class org.gradle.api.internal.classpath.ModuleRegistry                                : loaded 2 times (x 70B)
Class org.gradle.api.internal.classpath.DefaultModuleRegistry                         : loaded 2 times (x 86B)
Class org.gradle.internal.service.ServiceLookupException                              : loaded 2 times (x 82B)
Class org.gradle.internal.classloader.ClassLoaderFactory                              : loaded 2 times (x 70B)
Class org.gradle.internal.service.CachingServiceLocator                               : loaded 2 times (x 82B)
Class org.gradle.internal.classloader.ClasspathUtil                                   : loaded 2 times (x 71B)
Class org.gradle.api.specs.Spec                                                       : loaded 2 times (x 70B)
Class org.gradle.internal.classloader.VisitableURLClassLoader$InstrumentingVisitableURLClassLoader: loaded 2 times (x 123B)
Class org.gradle.internal.classloader.VisitableURLClassLoader$Spec                    : loaded 2 times (x 74B)
Class org.gradle.internal.classpath.DefaultClassPath                                  : loaded 2 times (x 90B)
Class org.gradle.internal.classloader.ClassLoaderSpec                                 : loaded 2 times (x 71B)
Class org.gradle.internal.classloader.VisitableURLClassLoader                         : loaded 2 times (x 117B)
Class org.gradle.internal.Cast                                                        : loaded 2 times (x 71B)
Class org.gradle.api.Action                                                           : loaded 2 times (x 70B)
Class org.gradle.internal.classpath.DefaultClassPath$ImmutableUniqueList$Builder      : loaded 2 times (x 75B)
Class org.gradle.api.GradleException                                                  : loaded 2 times (x 82B)
Class org.gradle.internal.IoActions                                                   : loaded 2 times (x 71B)
Class org.gradle.internal.classloader.SystemClassLoaderSpec                           : loaded 2 times (x 71B)
Class org.gradle.api.internal.classpath.GlobalCacheRootsProvider                      : loaded 2 times (x 70B)
Class org.gradle.internal.installation.CurrentGradleInstallationLocator               : loaded 2 times (x 71B)
Class org.gradle.internal.service.DefaultServiceLocator                               : loaded 2 times (x 83B)
Class org.gradle.internal.installation.CurrentGradleInstallation                      : loaded 2 times (x 73B)
Class org.gradle.util.internal.GUtil                                                  : loaded 2 times (x 71B)
Class org.gradle.internal.installation.GradleInstallation                             : loaded 2 times (x 75B)

---------------  S Y S T E M  ---------------

OS:
 Windows 11 , 64 bit Build 26100 (10.0.26100.8115)
OS uptime: 0 days 0:03 hours
Hyper-V role detected

CPU: total 12 (initial active 12) (6 cores per cpu, 2 threads per core) family 6 model 154 stepping 4 microcode 0x43b, cx8, cmov, fxsr, ht, mmx, 3dnowpref, sse, sse2, sse3, ssse3, sse4.1, sse4.2, popcnt, lzcnt, tsc, tscinvbit, avx, avx2, aes, erms, clmul, bmi1, bmi2, adx, sha, fma, vzeroupper, clflush, clflushopt, clwb, hv, serialize, rdtscp, rdpid, fsrm, f16c, cet_ibt, cet_ss
Processor Information for the first 12 processors :
  Max Mhz: 1300, Current Mhz: 1300, Mhz Limit: 1300

Memory: 4k page, system-wide physical 24208M (13184M free)
TotalPageFile size 25744M (AvailPageFile size 14977M)
current process WorkingSet (physical memory assigned to process): 193M, peak: 241M
current process commit charge ("private bytes"): 233M, peak: 514M

vm_info: OpenJDK 64-Bit Server VM (21.0.9+-14649483-b1163.86) for windows-amd64 JRE (21.0.9+-14649483-b1163.86), built on 2025-12-30T22:08:35Z by "builder" with MS VC++ 16.10 / 16.11 (VS2019)

END.
